{
  "RSpec": {
    "coverage": {
      "/Users/coto/dev/rails/ayudar.te/app/models/user.rb": [
        1,
        1,
        1,
        1,
        null,
        1,
        null,
        null,
        1,
        1,
        1,
        null,
        1,
        null,
        1,
        1,
        null,
        1,
        null,
        1,
        1,
        1,
        1,
        1,
        null,
        1,
        1,
        1,
        null,
        1,
        1,
        1,
        null,
        1,
        null,
        1,
        null,
        1,
        null,
        1,
        1,
        1,
        1,
        1,
        1,
        1,
        null,
        1,
        1,
        206,
        null,
        null,
        null
      ],
      "/Users/coto/dev/rails/ayudar.te/app/models/role.rb": [
        1,
        1,
        1,
        1,
        null,
        1,
        null,
        1,
        null,
        null,
        null,
        null,
        null,
        null,
        1,
        null,
        null,
        null,
        1,
        null
      ],
      "/Users/coto/dev/rails/ayudar.te/app/models/identity.rb": [
        1,
        1,
        1,
        null,
        1,
        1,
        null,
        1,
        null,
        1,
        1,
        1,
        null,
        null
      ],
      "/Users/coto/dev/rails/ayudar.te/app/models/venue.rb": [
        1,
        1,
        1,
        1,
        1,
        1,
        null,
        1,
        1,
        1,
        null,
        1,
        null,
        1,
        null,
        1,
        1,
        null
      ],
      "/Users/coto/dev/rails/ayudar.te/app/models/concerns/mongoid/taggable.rb": [
        1,
        1,
        1,
        null,
        1,
        2,
        2,
        null,
        2,
        0,
        null,
        null,
        null,
        1,
        1,
        0,
        null,
        null,
        null,
        null,
        null,
        null,
        null,
        null,
        null,
        0,
        null,
        null,
        null,
        null,
        null,
        null,
        null,
        null,
        null,
        0,
        0,
        null,
        0,
        0,
        null,
        null,
        1,
        0,
        0,
        null,
        null,
        1,
        0,
        0,
        null,
        null,
        1,
        0,
        0,
        null,
        null,
        1,
        0,
        null,
        null,
        null,
        null,
        null
      ],
      "/Users/coto/dev/rails/ayudar.te/app/models/concerns/mongoid/commentable.rb": [
        1,
        1,
        1,
        null,
        1,
        2,
        2,
        null,
        null,
        null,
        null
      ],
      "/Users/coto/dev/rails/ayudar.te/app/uploaders/photo_uploader.rb": [
        1,
        null,
        1,
        null,
        1,
        null,
        1,
        1,
        null,
        1,
        1,
        null,
        null,
        1,
        0,
        null,
        null,
        1,
        0,
        null,
        null,
        1,
        0,
        null,
        null,
        1,
        1,
        0,
        0,
        null,
        null,
        null
      ],
      "/Users/coto/dev/rails/ayudar.te/app/models/event.rb": [
        1,
        1,
        1,
        1,
        1,
        1,
        1,
        null,
        null,
        1,
        1,
        1,
        1,
        1,
        1,
        1,
        null,
        1,
        null,
        1,
        null,
        1,
        null,
        1,
        1,
        null,
        1,
        0,
        null,
        null,
        null
      ],
      "/Users/coto/dev/rails/ayudar.te/app/controllers/users_controller.rb": [
        1,
        null,
        1,
        null,
        1,
        8,
        8,
        null,
        null,
        1,
        2,
        null,
        null,
        1,
        4,
        null,
        4,
        0,
        null,
        4,
        null,
        null,
        null,
        1,
        4,
        0,
        0,
        null,
        0,
        null,
        null,
        4,
        null,
        null,
        null,
        1,
        1,
        1,
        null,
        null,
        1,
        1,
        8,
        null,
        null,
        1,
        9,
        null,
        null,
        null
      ],
      "/Users/coto/dev/rails/ayudar.te/app/controllers/concerns/response.rb": [
        1,
        1,
        12,
        0,
        null,
        12,
        null,
        null,
        null,
        1,
        4,
        null,
        null,
        null,
        null,
        null,
        null,
        null,
        null,
        null,
        1,
        4,
        null,
        null,
        1,
        null,
        6,
        null,
        null,
        null,
        null,
        12,
        null,
        4,
        null,
        null
      ],
      "/Users/coto/dev/rails/ayudar.te/app/controllers/concerns/exception_handler.rb": [
        1,
        1,
        null,
        1,
        1,
        2,
        null,
        null,
        null,
        null,
        null,
        null,
        null,
        null,
        null,
        null,
        null,
        null,
        null,
        null,
        null,
        null,
        null,
        null,
        null,
        null,
        null,
        null,
        null,
        null,
        null,
        null,
        null,
        null,
        null,
        null,
        null,
        null,
        null,
        null,
        null,
        null,
        null,
        null,
        null
      ],
      "/Users/coto/dev/rails/ayudar.te/app/paginators/users_paginator.rb": [
        1,
        null,
        1,
        1,
        null,
        1,
        null,
        1,
        null,
        1,
        8,
        null,
        null,
        1,
        8,
        null,
        null,
        1,
        1,
        8,
        null,
        null,
        1,
        8,
        null,
        null,
        1,
        8,
        null,
        null,
        null
      ],
      "/Users/coto/dev/rails/ayudar.te/app/controllers/concerns/sort_params.rb": [
        1,
        null,
        1,
        8,
        8,
        null,
        8,
        11,
        null,
        8,
        null,
        null,
        1,
        8,
        3,
        2,
        2,
        null,
        1,
        null,
        null,
        null,
        null,
        null
      ],
      "/Users/coto/dev/rails/ayudar.te/app/controllers/events_controller.rb": [
        0,
        null,
        0,
        null,
        0,
        0,
        0,
        0,
        null,
        0,
        0,
        0,
        null,
        0,
        0,
        null,
        0,
        0,
        0,
        0,
        0,
        0,
        null,
        0,
        0,
        0,
        0,
        0,
        0,
        0,
        null,
        0,
        0,
        0,
        0,
        null,
        0,
        0,
        0,
        0,
        null,
        0,
        0,
        0,
        null,
        0
      ],
      "/Users/coto/dev/rails/ayudar.te/app/controllers/gridfs_controller.rb": [
        0,
        null,
        0,
        0,
        0,
        0,
        0,
        0,
        0,
        0,
        0,
        0,
        0,
        null,
        null,
        null,
        null,
        null,
        null,
        null,
        null,
        null,
        null,
        0,
        null,
        0,
        null,
        null,
        null,
        null,
        null,
        null,
        null
      ],
      "/Users/coto/dev/rails/ayudar.te/app/controllers/venues_controller.rb": [
        0,
        null,
        0,
        null,
        0,
        0,
        0,
        0,
        null,
        0,
        0,
        0,
        null,
        0,
        0,
        null,
        0,
        0,
        0,
        0,
        0,
        0,
        null,
        0,
        0,
        0,
        0,
        0,
        0,
        0,
        null,
        0,
        0,
        0,
        0,
        null,
        0,
        0,
        0,
        0,
        null,
        0,
        0,
        0,
        null,
        0
      ],
      "/Users/coto/dev/rails/ayudar.te/app/models/comment.rb": [
        0,
        0,
        0,
        null,
        0,
        0,
        0,
        null,
        0,
        null,
        0,
        0,
        null,
        0,
        null,
        0,
        0,
        null,
        0,
        0,
        0,
        0,
        0,
        0
      ],
      "/Users/coto/dev/rails/ayudar.te/app/paginators/events_paginator.rb": [
        0,
        null,
        0,
        0,
        null,
        0,
        null,
        0,
        null,
        0,
        0,
        0,
        null,
        0,
        0,
        0,
        null,
        0,
        0,
        0,
        0,
        null,
        0,
        0,
        0,
        null,
        0,
        0,
        0,
        null,
        0
      ],
      "/Users/coto/dev/rails/ayudar.te/app/paginators/venues_paginator.rb": [
        0,
        null,
        0,
        0,
        null,
        0,
        null,
        0,
        null,
        0,
        0,
        0,
        null,
        0,
        0,
        0,
        null,
        0,
        0,
        0,
        0,
        null,
        0,
        0,
        0,
        null,
        0,
        0,
        0,
        null,
        0
      ],
      "/Users/coto/dev/rails/ayudar.te/app/serializers/event_serializer.rb": [
        0,
        0,
        0,
        null,
        0,
        0,
        0,
        0,
        0,
        0,
        0,
        0
      ],
      "/Users/coto/dev/rails/ayudar.te/app/serializers/venue_serializer.rb": [
        0,
        0,
        0,
        null,
        0,
        0,
        0,
        0,
        0,
        0,
        0,
        0
      ]
    },
    "timestamp": 1505278687
  }
}
