{
  "RSpec": {
    "coverage": {
      "/Users/coto/dev/rails/ayudar.te/app/models/user.rb": [
        1,
        1,
        1,
        1,
        null,
        1,
        null,
        null,
        1,
        1,
        1,
        null,
        1,
        null,
        1,
        1,
        null,
        1,
        null,
        1,
        1,
        1,
        1,
        1,
        null,
        1,
        1,
        1,
        null,
        1,
        1,
        1,
        null,
        1,
        null,
        1,
        null,
        1,
        null,
        1,
        1,
        1,
        1,
        1,
        1,
        1,
        null,
        1,
        1,
        787,
        null,
        null,
        null
      ],
      "/Users/coto/dev/rails/ayudar.te/app/controllers/events_controller.rb": [
        1,
        null,
        1,
        null,
        1,
        8,
        8,
        null,
        null,
        1,
        2,
        null,
        null,
        1,
        4,
        null,
        4,
        2,
        null,
        2,
        null,
        null,
        null,
        1,
        4,
        2,
        null,
        2,
        null,
        null,
        null,
        1,
        1,
        1,
        null,
        null,
        1,
        1,
        8,
        null,
        null,
        1,
        9,
        null,
        null,
        null
      ],
      "/Users/coto/dev/rails/ayudar.te/app/controllers/concerns/response.rb": [
        1,
        1,
        28,
        4,
        null,
        24,
        null,
        null,
        null,
        1,
        8,
        null,
        null,
        1,
        null,
        16,
        null,
        null,
        null,
        null,
        16,
        null,
        8,
        null,
        null
      ],
      "/Users/coto/dev/rails/ayudar.te/app/controllers/concerns/exception_handler.rb": [
        1,
        1,
        null,
        1,
        1,
        4,
        null,
        null,
        null,
        null,
        null,
        null,
        null,
        null,
        null,
        null,
        null,
        null,
        null,
        null,
        null,
        null,
        null,
        null,
        null,
        null,
        null,
        null,
        null,
        null,
        null,
        null,
        null,
        null,
        null,
        null,
        null,
        null,
        null,
        null,
        null,
        null,
        null,
        null,
        null
      ],
      "/Users/coto/dev/rails/ayudar.te/app/controllers/gridfs_controller.rb": [
        1,
        null,
        1,
        4,
        4,
        4,
        4,
        2,
        2,
        null,
        null,
        2,
        null,
        null,
        null,
        null,
        null,
        null,
        null,
        null,
        null,
        null,
        null,
        null,
        null,
        null,
        null,
        null,
        null,
        null,
        null,
        null,
        null
      ],
      "/Users/coto/dev/rails/ayudar.te/app/models/comment.rb": [
        1,
        1,
        1,
        null,
        1,
        1,
        1,
        null,
        1,
        null,
        1,
        1,
        null,
        1,
        null,
        1,
        1,
        null,
        1,
        1,
        21,
        21,
        null,
        null
      ],
      "/Users/coto/dev/rails/ayudar.te/app/models/event.rb": [
        1,
        1,
        1,
        1,
        1,
        1,
        1,
        null,
        null,
        1,
        1,
        1,
        1,
        395,
        395,
        395,
        null,
        395,
        null,
        1,
        null,
        1,
        null,
        1,
        1,
        null,
        1,
        394,
        null,
        null,
        null
      ],
      "/Users/coto/dev/rails/ayudar.te/app/models/concerns/mongoid/taggable.rb": [
        1,
        1,
        1,
        null,
        1,
        2,
        2,
        null,
        2,
        142,
        null,
        null,
        null,
        1,
        1,
        4,
        null,
        null,
        null,
        null,
        null,
        null,
        null,
        null,
        null,
        4,
        null,
        null,
        null,
        null,
        null,
        null,
        null,
        null,
        null,
        4,
        4,
        null,
        4,
        84,
        null,
        null,
        1,
        2,
        2,
        null,
        null,
        1,
        2,
        2,
        null,
        null,
        1,
        2,
        2,
        null,
        null,
        1,
        42,
        null,
        null,
        null,
        null,
        null
      ],
      "/Users/coto/dev/rails/ayudar.te/app/models/concerns/mongoid/commentable.rb": [
        1,
        1,
        1,
        null,
        1,
        2,
        2,
        null,
        null,
        null,
        null
      ],
      "/Users/coto/dev/rails/ayudar.te/app/uploaders/photo_uploader.rb": [
        1,
        null,
        1,
        null,
        1,
        null,
        1,
        1,
        null,
        1,
        1,
        null,
        null,
        1,
        1906,
        null,
        null,
        1,
        16,
        null,
        null,
        1,
        1546,
        null,
        null,
        1,
        1,
        1546,
        1546,
        null,
        null,
        null
      ],
      "/Users/coto/dev/rails/ayudar.te/app/models/venue.rb": [
        1,
        1,
        1,
        1,
        1,
        1,
        null,
        1,
        1,
        1,
        null,
        1,
        null,
        1,
        null,
        1,
        1,
        null
      ],
      "/Users/coto/dev/rails/ayudar.te/app/models/role.rb": [
        1,
        1,
        1,
        1,
        null,
        1,
        null,
        1,
        null,
        null,
        null,
        null,
        null,
        null,
        1,
        null,
        null,
        null,
        1,
        null
      ],
      "/Users/coto/dev/rails/ayudar.te/app/models/identity.rb": [
        1,
        1,
        1,
        null,
        1,
        1,
        null,
        1,
        null,
        1,
        1,
        1,
        null,
        null
      ],
      "/Users/coto/dev/rails/ayudar.te/app/paginators/events_paginator.rb": [
        1,
        null,
        1,
        1,
        null,
        1,
        null,
        1,
        null,
        1,
        8,
        null,
        null,
        1,
        8,
        null,
        null,
        1,
        1,
        8,
        null,
        null,
        1,
        8,
        null,
        null,
        1,
        8,
        null,
        null,
        null
      ],
      "/Users/coto/dev/rails/ayudar.te/app/controllers/concerns/sort_params.rb": [
        1,
        null,
        1,
        16,
        16,
        null,
        16,
        22,
        null,
        16,
        null,
        null,
        1,
        16,
        6,
        4,
        4,
        null,
        2,
        null,
        null,
        null,
        null,
        null
      ],
      "/Users/coto/dev/rails/ayudar.te/app/serializers/event_serializer.rb": [
        1,
        1,
        1,
        null,
        1,
        null,
        null,
        null,
        null,
        70,
        null,
        null
      ],
      "/Users/coto/dev/rails/ayudar.te/app/controllers/venues_controller.rb": [
        1,
        null,
        1,
        null,
        1,
        8,
        8,
        null,
        null,
        1,
        2,
        null,
        null,
        1,
        4,
        null,
        4,
        2,
        null,
        2,
        null,
        null,
        null,
        1,
        4,
        2,
        null,
        2,
        null,
        null,
        null,
        1,
        1,
        1,
        null,
        null,
        1,
        1,
        8,
        null,
        null,
        1,
        9,
        null,
        null,
        null
      ],
      "/Users/coto/dev/rails/ayudar.te/app/paginators/venues_paginator.rb": [
        1,
        null,
        1,
        1,
        null,
        1,
        null,
        1,
        null,
        1,
        8,
        null,
        null,
        1,
        8,
        null,
        null,
        1,
        1,
        8,
        null,
        null,
        1,
        8,
        null,
        null,
        1,
        8,
        null,
        null,
        null
      ],
      "/Users/coto/dev/rails/ayudar.te/app/serializers/venue_serializer.rb": [
        1,
        1,
        1,
        null,
        1,
        null,
        null,
        null,
        null,
        70,
        null,
        null
      ]
    },
    "timestamp": 1501070012
  }
}
